{
  "stats": {
    "suites": 1,
    "tests": 2,
    "passes": 2,
    "pending": 0,
    "failures": 0,
    "start": "2026-09-15T13:28:24.069Z",
    "end": "2026-09-15T13:28:43.933Z",
    "duration": 19864,
    "testsRegistered": 2,
    "passPercent": 100,
    "pendingPercent": 0,
    "other": 0,
    "hasOther": false,
    "skipped": 0,
    "hasSkipped": false
  },
  "results": [
    {
      "uuid": "952d1e71-41b3-4d57-8a02-502e4b328ace",
      "title": "",
      "fullFile": "cypress\\e2e\\bonus_interactions.cy.js",
      "file": "cypress\\e2e\\bonus_interactions.cy.js",
      "beforeHooks": [],
      "afterHooks": [],
      "tests": [],
      "suites": [
        {
          "uuid": "70e44308-3725-4aa1-8b9e-652890670b50",
          "title": "Interactions Test",
          "fullFile": "",
          "file": "",
          "beforeHooks": [],
          "afterHooks": [],
          "tests": [
            {
              "title": "Bonus 1 - do Drag and Drop",
              "fullTitle": "Interactions Test Bonus 1 - do Drag and Drop",
              "timedOut": null,
              "duration": 18351,
              "state": "passed",
              "speed": "slow",
              "pass": true,
              "fail": false,
              "pending": false,
              "context": null,
              "code": "cy.visit('https://demoqa.com/droppable');\n// Trigger drag and drop via mouse events\ncy.get('#draggable').trigger('mousedown', {\n  which: 1\n});\ncy.get('#simpleDropContainer #droppable').trigger('mousemove').trigger('mouseup', {\n  force: true\n});\n// Verifikasi teks berubah menjadi 'Dropped!'\ncy.get('#simpleDropContainer #droppable p').should('have.text', 'Dropped!');",
              "err": {},
              "uuid": "49a1030a-8f99-4df9-89fc-c15871fda969",
              "parentUUID": "70e44308-3725-4aa1-8b9e-652890670b50",
              "isHook": false,
              "skipped": false
            },
            {
              "title": "Melakukan Resize element ke ukuran 400x200",
              "fullTitle": "Interactions Test Melakukan Resize element ke ukuran 400x200",
              "timedOut": null,
              "duration": 1332,
              "state": "passed",
              "speed": "fast",
              "pass": true,
              "fail": false,
              "pending": false,
              "context": null,
              "code": "cy.visit('https://demoqa.com/resizable');\n// Target box dan handle resize di pojok kanan bawah\ncy.get('#resizableBoxWithRestriction').should('be.visible');\n// Geser handle resize\ncy.get('#resizableBoxWithRestriction .react-resizable-handle').trigger('mousedown', {\n  which: 1\n}).trigger('mousemove', {\n  clientX: 450,\n  clientY: 250,\n  force: true\n}).trigger('mouseup', {\n  force: true\n});\n// Manipulate style via invoke agar tepat 400x200\ncy.get('#resizableBoxWithRestriction').invoke('attr', 'style', 'width: 400px; height: 200px;').should('have.css', 'width', '400px').and('have.css', 'height', '200px');",
              "err": {},
              "uuid": "4d3724c0-aab6-4956-a65b-86fbf3abe48c",
              "parentUUID": "70e44308-3725-4aa1-8b9e-652890670b50",
              "isHook": false,
              "skipped": false
            }
          ],
          "suites": [],
          "passes": [
            "49a1030a-8f99-4df9-89fc-c15871fda969",
            "4d3724c0-aab6-4956-a65b-86fbf3abe48c"
          ],
          "failures": [],
          "pending": [],
          "skipped": [],
          "duration": 19683,
          "root": false,
          "rootEmpty": false,
          "_timeout": 2000
        }
      ],
      "passes": [],
      "failures": [],
      "pending": [],
      "skipped": [],
      "duration": 0,
      "root": true,
      "rootEmpty": true,
      "_timeout": 2000
    }
  ],
  "meta": {
    "mocha": {
      "version": "7.2.0"
    },
    "mochawesome": {
      "options": {
        "quiet": false,
        "reportFilename": "mochawesome",
        "saveHtml": false,
        "saveJson": true,
        "consoleReporter": "spec",
        "useInlineDiffs": false,
        "code": true
      },
      "version": "8.1.0"
    },
    "marge": {
      "options": {
        "reportDir": "cypress/results",
        "overwrite": false,
        "html": false,
        "json": true
      },
      "version": "6.3.2"
    }
  }
}