{
  "stats": {
    "suites": 1,
    "tests": 2,
    "passes": 2,
    "pending": 0,
    "failures": 0,
    "start": "2026-09-15T13:40:47.926Z",
    "end": "2026-09-15T13:40:58.504Z",
    "duration": 10578,
    "testsRegistered": 2,
    "passPercent": 100,
    "pendingPercent": 0,
    "other": 0,
    "hasOther": false,
    "skipped": 0,
    "hasSkipped": false
  },
  "results": [
    {
      "uuid": "693328bf-7344-47d3-b988-282be6edba98",
      "title": "",
      "fullFile": "cypress\\e2e\\bonus_interactions.cy.js",
      "file": "cypress\\e2e\\bonus_interactions.cy.js",
      "beforeHooks": [],
      "afterHooks": [],
      "tests": [],
      "suites": [
        {
          "uuid": "ca0d6672-4b91-4fb5-a5b0-f51ef107fadc",
          "title": "Interactions Test",
          "fullFile": "",
          "file": "",
          "beforeHooks": [],
          "afterHooks": [],
          "tests": [
            {
              "title": "Bonus 1 - do Drag and Drop",
              "fullTitle": "Interactions Test Bonus 1 - do Drag and Drop",
              "timedOut": null,
              "duration": 9133,
              "state": "passed",
              "speed": "medium",
              "pass": true,
              "fail": false,
              "pending": false,
              "context": null,
              "code": "cy.visit('https://demoqa.com/droppable');\n// Trigger drag and drop via mouse events\ncy.get('#draggable').trigger('mousedown', {\n  which: 1\n});\ncy.get('#simpleDropContainer #droppable').trigger('mousemove').trigger('mouseup', {\n  force: true\n});\n// Verifikasi teks berubah menjadi 'Dropped!'\ncy.get('#simpleDropContainer #droppable p').should('have.text', 'Dropped!');",
              "err": {},
              "uuid": "60e6fcc6-c89b-434f-a38c-d84d8937dba9",
              "parentUUID": "ca0d6672-4b91-4fb5-a5b0-f51ef107fadc",
              "isHook": false,
              "skipped": false
            },
            {
              "title": "Melakukan Resize element ke ukuran 400x200",
              "fullTitle": "Interactions Test Melakukan Resize element ke ukuran 400x200",
              "timedOut": null,
              "duration": 1286,
              "state": "passed",
              "speed": "fast",
              "pass": true,
              "fail": false,
              "pending": false,
              "context": null,
              "code": "cy.visit('https://demoqa.com/resizable');\n// Target box dan handle resize di pojok kanan bawah\ncy.get('#resizableBoxWithRestriction').should('be.visible');\n// Geser handle resize\ncy.get('#resizableBoxWithRestriction .react-resizable-handle').trigger('mousedown', {\n  which: 1\n}).trigger('mousemove', {\n  clientX: 450,\n  clientY: 250,\n  force: true\n}).trigger('mouseup', {\n  force: true\n});\n// Manipulate style via invoke agar tepat 400x200\ncy.get('#resizableBoxWithRestriction').invoke('attr', 'style', 'width: 400px; height: 200px;').should('have.css', 'width', '400px').and('have.css', 'height', '200px');",
              "err": {},
              "uuid": "1599b2e7-1567-47d3-adb5-d1b456221e29",
              "parentUUID": "ca0d6672-4b91-4fb5-a5b0-f51ef107fadc",
              "isHook": false,
              "skipped": false
            }
          ],
          "suites": [],
          "passes": [
            "60e6fcc6-c89b-434f-a38c-d84d8937dba9",
            "1599b2e7-1567-47d3-adb5-d1b456221e29"
          ],
          "failures": [],
          "pending": [],
          "skipped": [],
          "duration": 10419,
          "root": false,
          "rootEmpty": false,
          "_timeout": 2000
        }
      ],
      "passes": [],
      "failures": [],
      "pending": [],
      "skipped": [],
      "duration": 0,
      "root": true,
      "rootEmpty": true,
      "_timeout": 2000
    }
  ],
  "meta": {
    "mocha": {
      "version": "7.2.0"
    },
    "mochawesome": {
      "options": {
        "quiet": false,
        "reportFilename": "mochawesome",
        "saveHtml": false,
        "saveJson": true,
        "consoleReporter": "spec",
        "useInlineDiffs": false,
        "code": true
      },
      "version": "8.1.0"
    },
    "marge": {
      "options": {
        "reportDir": "cypress/results",
        "overwrite": false,
        "html": false,
        "json": true
      },
      "version": "6.3.2"
    }
  }
}