{
  "stats": {
    "suites": 1,
    "tests": 2,
    "passes": 2,
    "pending": 0,
    "failures": 0,
    "start": "2026-09-15T13:41:01.954Z",
    "end": "2026-09-15T13:41:19.049Z",
    "duration": 17095,
    "testsRegistered": 2,
    "passPercent": 100,
    "pendingPercent": 0,
    "other": 0,
    "hasOther": false,
    "skipped": 0,
    "hasSkipped": false
  },
  "results": [
    {
      "uuid": "0dcfd79d-7eb5-4120-895b-73559c89b1b3",
      "title": "",
      "fullFile": "cypress\\e2e\\bulk_registration.cy.js",
      "file": "cypress\\e2e\\bulk_registration.cy.js",
      "beforeHooks": [],
      "afterHooks": [],
      "tests": [],
      "suites": [
        {
          "uuid": "ea388f31-f5a6-496c-867c-44cae8b74cef",
          "title": "Technical Test - Web Tables (PT Transportasi Jakarta)",
          "fullFile": "",
          "file": "",
          "beforeHooks": [],
          "afterHooks": [],
          "tests": [
            {
              "title": "4.1 Positive Test - Berhasil mendaftarkan banyak user dari file CSV",
              "fullTitle": "Technical Test - Web Tables (PT Transportasi Jakarta) 4.1 Positive Test - Berhasil mendaftarkan banyak user dari file CSV",
              "timedOut": null,
              "duration": 14290,
              "state": "passed",
              "speed": "slow",
              "pass": true,
              "fail": false,
              "pending": false,
              "context": null,
              "code": "testUsers.forEach(user => {\n  cy.log(`Registering: ${user.firstName} ${user.lastName}`);\n  _WebTablesPage.default.registerUser(user);\n  _WebTablesPage.default.verifyUserInTable(user.email);\n});",
              "err": {},
              "uuid": "3c466853-a2be-4e90-89e7-67c2d25cdcc6",
              "parentUUID": "ea388f31-f5a6-496c-867c-44cae8b74cef",
              "isHook": false,
              "skipped": false
            },
            {
              "title": "4.2 Negative Test - Gagal submit saat field email dikosongkan",
              "fullTitle": "Technical Test - Web Tables (PT Transportasi Jakarta) 4.2 Negative Test - Gagal submit saat field email dikosongkan",
              "timedOut": null,
              "duration": 2563,
              "state": "passed",
              "speed": "fast",
              "pass": true,
              "fail": false,
              "pending": false,
              "context": null,
              "code": "const invalidUser = {\n  firstName: 'Testing',\n  lastName: 'Negative',\n  email: '',\n  age: '28',\n  salary: '8000000',\n  department: 'QA Automation'\n};\n_WebTablesPage.default.clickAdd();\n_WebTablesPage.default.fillRegistrationForm(invalidUser);\n_WebTablesPage.default.submitForm();\n// Validasi error \n_WebTablesPage.default.verifyFormHasError();\n_WebTablesPage.default.closeModal();\n// Verifikasi data tidak masuk ke tabel\n_WebTablesPage.default.verifyUserNotInTable('Testing');",
              "err": {},
              "uuid": "1a300f69-2589-4486-b07d-e9cd8862b587",
              "parentUUID": "ea388f31-f5a6-496c-867c-44cae8b74cef",
              "isHook": false,
              "skipped": false
            }
          ],
          "suites": [],
          "passes": [
            "3c466853-a2be-4e90-89e7-67c2d25cdcc6",
            "1a300f69-2589-4486-b07d-e9cd8862b587"
          ],
          "failures": [],
          "pending": [],
          "skipped": [],
          "duration": 16853,
          "root": false,
          "rootEmpty": false,
          "_timeout": 2000
        }
      ],
      "passes": [],
      "failures": [],
      "pending": [],
      "skipped": [],
      "duration": 0,
      "root": true,
      "rootEmpty": true,
      "_timeout": 2000
    }
  ],
  "meta": {
    "mocha": {
      "version": "7.2.0"
    },
    "mochawesome": {
      "options": {
        "quiet": false,
        "reportFilename": "mochawesome",
        "saveHtml": false,
        "saveJson": true,
        "consoleReporter": "spec",
        "useInlineDiffs": false,
        "code": true
      },
      "version": "8.1.0"
    },
    "marge": {
      "options": {
        "reportDir": "cypress/results",
        "overwrite": false,
        "html": false,
        "json": true
      },
      "version": "6.3.2"
    }
  }
}